Arguments: 
  C:\Program Files\nodejs\node.exe C:\Users\ca297\.node\corepack\yarn\1.22.15\bin\yarn.js init

PATH: 
  C:\Program Files (x86)\VMware\VMware Player\bin\;C:\Program Files\Microsoft\jdk-11.0.12.7-hotspot\bin;C:\Windows\system32;C:\Windows;C:\Windows\System32\Wbem;C:\Windows\System32\WindowsPowerShell\v1.0\;C:\Windows\System32\OpenSSH\;C:\Program Files\nodejs\;C:\Program Files\Microsoft SQL Server\150\Tools\Binn\;C:\Program Files\Microsoft SQL Server\Client SDK\ODBC\170\Tools\Binn\;C:\Program Files\dotnet\;C:\php;C:\Program Files\Git\cmd;C:\Users\ca297\AppData\Local\Programs\Python\Python310\Scripts\;C:\Users\ca297\AppData\Local\Programs\Python\Python310\;C:\Users\ca297\AppData\Local\Microsoft\WindowsApps;C:\Users\ca297\AppData\Roaming\npm;C:\Users\ca297\.dotnet\tools;C:\Users\ca297\AppData\Local\Programs\Microsoft VS Code\bin;C:\php;C:\Users\ca297\AppData\Local\GitHubDesktop\bin

Yarn version: 
  1.22.15

Node version: 
  16.13.0

Platform: 
  win32 x64

Trace: 
  Error: canceled
      at Interface.<anonymous> (C:\Users\ca297\.node\corepack\yarn\1.22.15\lib\cli.js:137145:13)
      at Interface.emit (node:events:390:28)
      at Interface._ttyWrite (node:readline:1081:16)
      at ReadStream.onkeypress (node:readline:288:10)
      at ReadStream.emit (node:events:390:28)
      at emitKeys (node:internal/readline/utils:358:14)
      at emitKeys.next (<anonymous>)
      at ReadStream.onData (node:internal/readline/emitKeypressEvents:61:36)
      at ReadStream.emit (node:events:390:28)
      at addChunk (node:internal/streams/readable:315:12)

npm manifest: 
  No manifest

yarn manifest: 
  No manifest

Lockfile: 
  No lockfile
